<?xml version="1.0" encoding="UTF-8"?>
<!-- Generated by org.testng.reporters.JUnitReportReporter -->
<testsuite skipped="0" hostname="QA_PC" name="com.p1109.QA.TestCase.Home_Test" tests="2" failures="0" timestamp="15 Dec 2017 09:49:12 GMT" time="4.963" errors="0">
  <testcase name="linkLoginPage" time="0.550" classname="com.p1109.QA.TestCase.Home_Test"/>
  <testcase name="goToLMEditProfile" time="4.413" classname="com.p1109.QA.TestCase.Home_Test"/>
</testsuite> <!-- com.p1109.QA.TestCase.Home_Test -->
