<?xml version="1.0" encoding="UTF-8"?>
<!-- Generated by org.testng.reporters.JUnitReportReporter -->
<testsuite skipped="0" hostname="QA_PC" name="com.p1109.QA.TestCase.DistributerRegPageTest" tests="1" failures="0" timestamp="15 Dec 2017 09:46:15 GMT" time="25.812" errors="0">
  <testcase name="validDistributerInformationTest" time="25.812" classname="com.p1109.QA.TestCase.DistributerRegPageTest"/>
</testsuite> <!-- com.p1109.QA.TestCase.DistributerRegPageTest -->
