<?xml version="1.0" encoding="UTF-8"?>
<!-- Generated by org.testng.reporters.JUnitReportReporter -->
<testsuite skipped="0" hostname="QA_PC" name="com.p1109.QA.TestCase.Home_Test" tests="2" failures="0" timestamp="11 Dec 2017 12:11:57 GMT" time="8.315" errors="0">
  <testcase name="linkLoginPage" time="0.758" classname="com.p1109.QA.TestCase.Home_Test"/>
  <testcase name="goToLMEditProfile" time="7.557" classname="com.p1109.QA.TestCase.Home_Test"/>
</testsuite> <!-- com.p1109.QA.TestCase.Home_Test -->
