<?xml version="1.0" encoding="UTF-8"?>
<!-- Generated by org.testng.reporters.JUnitReportReporter -->
<testsuite skipped="0" hostname="QA_PC" name="com.p1109.QA.TestCase.landingFlow" tests="3" failures="0" timestamp="06 Dec 2017 05:23:01 GMT" time="4.379" errors="0">
  <testcase name="validateLandingPageTitle" time="0.109" classname="com.p1109.QA.TestCase.landingFlow"/>
  <testcase name="goToLogin" time="1.704" classname="com.p1109.QA.TestCase.landingFlow"/>
  <testcase name="validLogin" time="2.566" classname="com.p1109.QA.TestCase.landingFlow"/>
</testsuite> <!-- com.p1109.QA.TestCase.landingFlow -->
