<?xml version="1.0" encoding="UTF-8"?>
<!-- Generated by org.testng.reporters.JUnitReportReporter -->
<testsuite skipped="0" hostname="QA_PC" name="com.p1109.QA.TestCase.LoginPageTest" tests="3" failures="0" timestamp="14 Dec 2017 13:32:47 GMT" time="5.181" errors="0">
  <testcase name="linkLoginPage" time="0.885" classname="com.p1109.QA.TestCase.LoginPageTest"/>
  <testcase name="loginPageTitleTest" time="0.011" classname="com.p1109.QA.TestCase.LoginPageTest"/>
  <testcase name="validLoginTest" time="4.285" classname="com.p1109.QA.TestCase.LoginPageTest"/>
</testsuite> <!-- com.p1109.QA.TestCase.LoginPageTest -->
