<?xml version="1.0" encoding="UTF-8"?>
<!-- Generated by org.testng.reporters.JUnitReportReporter -->
<testsuite skipped="0" hostname="QA_PC" name="com.p1109.QA.TestCase.DistributerPageTest" tests="1" failures="0" timestamp="07 Dec 2017 12:07:43 GMT" time="34.195" errors="0">
  <testcase name="validDistributerInformationTest" time="34.195" classname="com.p1109.QA.TestCase.DistributerPageTest"/>
</testsuite> <!-- com.p1109.QA.TestCase.DistributerPageTest -->
